[2023-06-10T03:01:15.090Z] info: undefined
[2023-06-10T03:01:52.173Z] info: llave duplicada viola restricci칩n de unicidad 춺users_email_key췉
[2023-06-10T03:03:47.227Z] info: Can't find /api/v1/auth/sdassignup on this server! 游빋
[2023-06-10T03:05:37.991Z] info: Can't find /api/v1/auth/sdassignup on this server! 游빋 || undefined undefined
[2023-06-10T03:06:01.987Z] info: Can't find /api/v1/auth/sdassignup on this server! 游빋 || undefined undefined
[2023-06-10T03:08:21.897Z] info: [object Object] || undefined undefined
[2023-06-10T03:08:29.457Z] info: undefined || undefined undefined
[2023-06-10T03:09:46.824Z] info: undefined || undefined undefined
[2023-06-10T03:11:19.397Z] info: undefined || undefined undefined
[2023-06-10T03:12:24.810Z] info: undefined || undefined undefined
[2023-06-10T03:16:14.528Z] info: undefined || undefined undefined
[2023-06-10T03:16:15.457Z] info: undefined || undefined undefined
[2023-06-10T03:17:17.032Z] info: Duplicate field value: please use another value || undefined undefined
[2023-06-10T03:19:29.028Z] info: Duplicate field value: please use another value || undefined undefined
[2023-06-10T03:19:30.118Z] info: Duplicate field value: please use another value || undefined undefined
[2023-06-10T03:19:35.300Z] info: undefined || undefined undefined
[2023-06-10T03:19:42.454Z] info: Duplicate field value: please use another value || undefined undefined
[2023-06-13T04:13:02.599Z] info: Cannot read properties of undefined (reading 'password') || undefined undefined
[2023-06-13T04:15:27.267Z] info: Current password is incorrect! || undefined undefined
[2023-06-14T02:41:34.602Z] info: The "original" argument must be of type function. Received an instance of Object || undefined undefined
[2023-06-14T02:42:47.693Z] info: The "original" argument must be of type function. Received an instance of Object || undefined undefined
[2023-06-14T02:44:24.008Z] info: User is not defined || undefined undefined
[2023-06-14T02:44:36.554Z] info: User is not defined || undefined undefined
[2023-06-14T02:45:34.878Z] info: Current password is incorrect! || undefined undefined
[2023-06-14T02:50:34.416Z] info: Can't find /api/v1/renew on this server! 游빋 || undefined undefined
[2023-06-14T02:55:14.057Z] info: The "original" argument must be of type function. Received an instance of Object || undefined undefined
[2023-06-14T03:00:18.659Z] info: The "original" argument must be of type function. Received an instance of Object || undefined undefined
[2023-06-14T03:00:20.094Z] info: The "original" argument must be of type function. Received an instance of Object || undefined undefined
[2023-06-14T03:01:25.057Z] info: The "original" argument must be of type function. Received an instance of Object || undefined undefined
[2023-06-14T03:11:19.695Z] info: User recently changed password! Please log in again. || undefined undefined
[2023-06-14T03:47:57.986Z] info: User recently changed password! Please log in again. || undefined undefined
[2023-06-15T01:58:22.135Z] info: jwt expired || undefined undefined
[2023-06-15T01:59:17.834Z] info: Your token has expired! Please log in again. || undefined undefined
[2023-06-15T03:08:16.497Z] info: Your token has expired! Please log in again. || undefined undefined
[2023-06-15T03:08:25.043Z] info: Your token has expired! Please log in again. || undefined undefined
[2023-06-15T03:08:25.951Z] info: Your token has expired! Please log in again. || undefined undefined
[2023-06-15T03:08:26.629Z] info: Your token has expired! Please log in again. || undefined undefined
[2023-06-17T01:29:36.970Z] info: Cannot destructure property 'id' of 'req.sessionUser' as it is undefined. || undefined undefined
[2023-06-17T01:30:07.482Z] info: Cannot destructure property 'id' of 'req.sessionUser' as it is undefined. || undefined undefined
[2023-06-17T01:30:08.860Z] info: Cannot destructure property 'id' of 'req.sessionUser' as it is undefined. || undefined undefined
[2023-06-17T01:31:27.872Z] info: You are not logged in! Please log in to get access. || undefined undefined
[2023-06-17T01:31:55.290Z] info: User with that email not found! || undefined undefined
[2023-06-17T01:44:35.999Z] info: You are not logged in! Please log in to get access. || undefined undefined
[2023-06-17T03:37:00.467Z] info: jwt expired || undefined undefined
[2023-06-17T03:37:35.482Z] info: User is not defined || undefined undefined
[2023-06-20T02:32:57.999Z] info: Post is not defined || undefined undefined
[2023-06-20T02:33:26.301Z] info: Post is not defined || undefined undefined
[2023-06-20T02:34:04.139Z] info: AppError is not defined || undefined undefined
[2023-06-20T02:34:13.377Z] info: No post found with that ID || undefined undefined
[2023-06-20T02:36:06.717Z] info: You are not logged in! Please log in to get access. || undefined undefined
[2023-06-20T02:36:13.636Z] info: la sintaxis de entrada no es v치lida para tipo boolean: 춺active췉 || undefined undefined
[2023-06-20T02:38:25.951Z] info: Comment is not defined || undefined undefined
[2023-06-20T02:38:56.226Z] info: Comment is not defined || undefined undefined
[2023-06-20T02:39:11.587Z] info: AppError is not defined || undefined undefined
[2023-06-20T02:39:17.357Z] info: No comment found with that ID || undefined undefined
[2023-06-20T02:47:32.168Z] info: postMiddleware is not defined || undefined undefined
[2023-06-20T02:47:42.685Z] info: WHERE parameter "id" has invalid "undefined" value || undefined undefined
[2023-06-20T02:48:05.873Z] info: async is not defined || undefined undefined
[2023-06-20T02:50:08.359Z] info: WHERE parameter "id" has invalid "undefined" value || undefined undefined
[2023-06-20T02:50:25.598Z] info: WHERE parameter "id" has invalid "undefined" value || undefined undefined
[2023-06-20T02:53:09.564Z] info: AppError is not defined || undefined undefined
[2023-06-20T02:53:22.054Z] info: Post not found! 游빋 || undefined undefined
[2023-06-20T02:54:38.073Z] info: No comment found with that ID || undefined undefined
[2023-06-20T03:14:27.903Z] info: inserci칩n o actualizaci칩n en la tabla 춺comments췉 viola la llave for치nea 춺comments_postId_fkey췉 || undefined undefined
[2023-06-20T03:14:38.496Z] info: inserci칩n o actualizaci칩n en la tabla 춺comments췉 viola la llave for치nea 춺comments_postId_fkey췉 || undefined undefined
[2023-06-20T03:15:27.312Z] info: inserci칩n o actualizaci칩n en la tabla 춺comments췉 viola la llave for치nea 춺comments_postId_fkey췉 || undefined undefined
[2023-06-20T03:15:28.792Z] info: inserci칩n o actualizaci칩n en la tabla 춺comments췉 viola la llave for치nea 춺comments_postId_fkey췉 || undefined undefined
[2023-06-20T03:16:22.673Z] info: inserci칩n o actualizaci칩n en la tabla 춺comments췉 viola la llave for치nea 춺comments_postId_fkey췉 || undefined undefined
[2023-06-20T03:16:47.049Z] info: inserci칩n o actualizaci칩n en la tabla 춺comments췉 viola la llave for치nea 춺comments_postId_fkey췉 || undefined undefined
[2023-06-20T03:17:20.182Z] info: inserci칩n o actualizaci칩n en la tabla 춺comments췉 viola la llave for치nea 춺comments_postId_fkey췉 || undefined undefined
[2023-06-20T03:29:19.134Z] info: You are not logged in! Please log in to get access. || undefined undefined
[2023-06-20T03:31:08.066Z] info: jwt expired || undefined undefined
[2023-06-20T03:44:31.946Z] info: No comment found with that ID || undefined undefined
[2023-06-20T03:44:41.273Z] info: You not are the owner of this account! || undefined undefined
[2023-06-20T03:44:54.506Z] info: You not are the owner of this account! || undefined undefined
[2023-06-20T03:58:51.840Z] info: Can't find /api/v1/me on this server! 游빋 || undefined undefined
[2023-06-20T03:59:04.590Z] info: la sintaxis de entrada no es v치lida para tipo integer: 춺me췉 || undefined undefined
[2023-06-20T03:59:45.291Z] info: la sintaxis de entrada no es v치lida para tipo integer: 춺me췉 || undefined undefined
[2023-06-20T03:59:55.128Z] info: la sintaxis de entrada no es v치lida para tipo integer: 춺me췉 || undefined undefined
[2023-06-20T04:02:37.024Z] info: Cannot read properties of undefined (reading 'id') || undefined undefined
[2023-06-20T04:05:07.535Z] info: invalid signature || undefined undefined
[2023-06-20T04:05:20.302Z] info: invalid signature || undefined undefined
[2023-06-20T04:08:50.290Z] info: Can't find /api/v1/profile/1 on this server! 游빋 || undefined undefined
[2023-06-20T04:10:15.624Z] info: la sintaxis de entrada no es v치lida para tipo integer: 춺profile췉 || undefined undefined
[2023-06-21T04:03:19.387Z] info: Cannot read properties of undefined (reading '_location') || undefined undefined
[2023-06-21T04:04:20.023Z] info: Cannot read properties of undefined (reading '_location') || undefined undefined
[2023-06-21T04:05:34.831Z] info: Cannot read properties of undefined (reading '_location') || undefined undefined
[2023-06-21T04:05:35.888Z] info: Cannot read properties of undefined (reading '_location') || undefined undefined
[2023-06-21T04:10:41.953Z] info: Cannot read properties of undefined (reading '_location') || undefined undefined
[2023-06-22T01:39:57.867Z] info: jwt expired || undefined undefined
[2023-06-22T01:42:01.156Z] info: Firebase Storage: Object 'images/users/1687397487187-Imagen de WhatsApp 2023-06-17 a las 22.38.09.png' does not exist. (storage/object-not-found) || undefined undefined
[2023-06-22T03:13:23.545Z] info: Unexpected field || undefined undefined
[2023-06-22T03:14:10.810Z] info: jwt expired || undefined undefined
[2023-06-22T03:14:29.820Z] info: ref is not defined || undefined undefined
[2023-06-22T03:14:57.183Z] info: uploadBytes is not defined || undefined undefined
[2023-06-22T03:27:09.743Z] info: Tipo de archivo no permitido || undefined undefined
[2023-06-23T02:20:38.879Z] info: imgRef.getDownloadURL is not a function || undefined undefined
[2023-06-23T02:22:28.150Z] info: post.user.map is not a function || undefined undefined
[2023-06-23T02:22:37.310Z] info: Cannot read properties of undefined (reading 'map') || undefined undefined
[2023-06-23T03:23:34.300Z] info: jwt expired || undefined undefined
[2023-06-23T03:23:49.619Z] info: PostImg is not defined || undefined undefined
[2023-06-23T03:24:03.430Z] info: PostImg is not defined || undefined undefined
[2023-06-23T03:24:04.440Z] info: PostImg is not defined || undefined undefined
[2023-06-23T03:25:07.031Z] info: Can't find /api/v1/posts19 on this server! 游빋 || undefined undefined
[2023-06-23T03:46:04.492Z] info: koin is not defined || undefined undefined
[2023-06-29T01:23:15.314Z] info: jwt malformed || undefined undefined
[2023-06-29T01:28:30.262Z] info: User with that email not found! || undefined undefined
[2023-06-29T01:35:08.812Z] info: jwt malformed || undefined undefined
[2023-06-29T01:38:52.025Z] info: jwt malformed || undefined undefined
[2023-06-29T01:38:52.040Z] info: jwt malformed || undefined undefined
[2023-06-29T01:39:05.420Z] info: jwt malformed || undefined undefined
[2023-06-29T01:39:05.424Z] info: jwt malformed || undefined undefined
[2023-06-29T01:42:49.464Z] info: Unexpected field || undefined undefined
[2023-06-29T01:43:23.493Z] info: Unexpected field || undefined undefined
[2023-06-29T01:43:40.181Z] info: Unexpected field || undefined undefined
[2023-06-29T01:43:53.882Z] info: jwt malformed || undefined undefined
[2023-06-29T01:44:10.465Z] info: Unexpected field || undefined undefined
[2023-06-29T02:02:20.422Z] info: Unexpected field || undefined undefined
[2023-06-29T02:07:47.694Z] info: jwt malformed || undefined undefined
[2023-06-29T02:08:08.728Z] info: jwt malformed || undefined undefined
[2023-06-29T02:08:33.860Z] info: jwt malformed || undefined undefined
[2023-06-29T02:08:56.862Z] info: jwt malformed || undefined undefined
[2023-06-29T02:15:29.176Z] info: Cannot read properties of undefined (reading 'map') || undefined undefined
[2023-06-29T02:15:49.418Z] info: You are not logged in! Please log in to get access. || undefined undefined
[2023-06-29T02:16:09.607Z] info: You are not logged in! Please log in to get access. || undefined undefined
[2023-06-29T02:19:22.647Z] info: jwt malformed || undefined undefined
[2023-06-29T02:19:40.516Z] info: You are not logged in! Please log in to get access. || undefined undefined
[2023-06-29T02:21:24.956Z] info: You are not logged in! Please log in to get access. || undefined undefined
[2023-06-29T02:22:45.462Z] info: jwt malformed || undefined undefined
[2023-06-29T02:22:49.874Z] info: jwt malformed || undefined undefined
[2023-06-29T02:22:49.877Z] info: jwt malformed || undefined undefined
[2023-06-29T02:25:45.121Z] info: jwt malformed || undefined undefined
[2024-09-19T15:42:46.642Z] info: Can't find / on this server! 游빋 || undefined undefined
[2024-09-19T15:42:46.736Z] info: Can't find /favicon.ico on this server! 游빋 || undefined undefined
[2024-09-19T15:43:02.715Z] info: Can't find / on this server! 游빋 || undefined undefined
[2024-09-19T15:44:00.938Z] info: You are not logged in! Please log in to get access. || undefined undefined
[2024-09-19T15:45:29.796Z] info: You are not logged in! Please log in to get access. || undefined undefined
[2024-09-19T15:47:19.743Z] info: data and hash arguments required || undefined undefined
[2024-10-21T21:48:36.100Z] info: WHERE parameter "email_users" has invalid "undefined" value || undefined undefined
[2024-10-21T21:48:56.247Z] info: WHERE parameter "email_users" has invalid "undefined" value || undefined undefined
[2024-10-21T21:49:22.964Z] info: data and hash arguments required || undefined undefined
[2024-10-21T21:49:32.606Z] info: Incorrect email/password! || undefined undefined
[2024-10-21T21:49:42.591Z] info: Incorrect email/password! || undefined undefined
[2024-10-21T21:49:52.875Z] info: Can't find /Users/diseno1academy/Downloads/im/socket/src/controllers/auth.controller.js:47:17 on this server! 游빋 || undefined undefined
[2024-10-21T21:49:53.429Z] info: Can't find /favicon.ico on this server! 游빋 || undefined undefined
[2024-10-21T21:50:26.692Z] info: Incorrect email/password! || undefined undefined
[2024-10-21T21:50:46.424Z] info: Incorrect email/password! || undefined undefined
[2024-10-21T21:51:17.973Z] info: Incorrect email/password! || undefined undefined
[2024-10-21T21:51:51.728Z] info: Incorrect email/password! || undefined undefined
[2024-10-21T21:52:18.298Z] info: Incorrect email/password! || undefined undefined
[2024-10-21T21:52:39.031Z] info: Incorrect email/password! || undefined undefined
[2024-10-21T21:53:01.419Z] info: Incorrect email/password! || undefined undefined
[2024-10-21T21:53:42.520Z] info: Incorrect email/password! || undefined undefined
[2024-10-21T21:59:44.392Z] info: Incorrect email/password! || undefined undefined
[2024-10-21T22:02:01.863Z] info: Incorrect email/password! || undefined undefined
[2024-10-21T22:02:49.715Z] info: Incorrect email/password! || undefined undefined
[2024-10-21T22:02:50.618Z] info: Incorrect email/password! || undefined undefined
[2024-10-21T22:03:20.327Z] info: Incorrect email/password! || undefined undefined
[2024-10-21T22:05:25.287Z] info: Incorrect email/password! || undefined undefined
[2024-10-21T22:07:03.550Z] info: Incorrect email/password! || undefined undefined
[2024-10-21T22:07:14.320Z] info: Incorrect email/password! || undefined undefined
[2024-10-21T22:08:06.192Z] info: Incorrect email/password! || undefined undefined
[2024-10-21T22:08:06.974Z] info: Incorrect email/password! || undefined undefined
[2024-10-21T22:08:07.492Z] info: Incorrect email/password! || undefined undefined
[2024-10-21T22:08:07.959Z] info: Incorrect email/password! || undefined undefined
[2024-10-21T22:08:08.401Z] info: Incorrect email/password! || undefined undefined
[2024-10-21T22:08:08.797Z] info: Incorrect email/password! || undefined undefined
[2024-10-21T22:08:09.172Z] info: Incorrect email/password! || undefined undefined
[2024-10-21T22:08:09.531Z] info: Incorrect email/password! || undefined undefined
[2024-10-23T13:55:08.661Z] info: Incorrect email/password! || undefined undefined
[2024-10-23T14:08:59.462Z] info: Incorrect email/password! || undefined Error: Incorrect email/password!
[2024-10-23T14:09:45.156Z] info: Incorrect email/password!}
[2024-10-23T14:12:37.771Z] info: Incorrect email/password!
[2024-10-23T14:28:27.482Z] info: Can't find /auth/renew on this server! 游빋
[2024-10-23T14:28:49.947Z] info: jwt malformed
[2024-10-23T14:28:59.129Z] info: Incorrect email/password!
[2024-10-23T14:29:54.931Z] info: jwt malformed
[2024-10-23T14:33:22.719Z] info: jwt malformed
[2024-10-23T14:33:43.720Z] info: jwt malformed
[2024-10-23T14:33:47.183Z] info: Incorrect email/password!
[2024-10-23T14:34:06.490Z] info: jwt malformed
[2024-10-23T14:34:08.093Z] info: Incorrect email/password!
[2024-10-23T14:34:14.133Z] info: jwt malformed
[2024-10-23T14:34:15.815Z] info: Incorrect email/password!
[2024-10-23T14:34:48.858Z] info: jwt malformed
[2024-10-23T14:35:09.751Z] info: jwt malformed
[2024-10-23T14:35:14.701Z] info: Incorrect email/password!
[2024-10-23T14:35:39.705Z] info: jwt malformed
[2024-10-23T14:35:43.804Z] info: jwt malformed
[2024-10-23T14:35:45.878Z] info: Incorrect email/password!
[2024-10-23T14:35:48.475Z] info: Incorrect email/password!
[2024-10-23T14:35:54.330Z] info: jwt malformed
[2024-10-23T14:36:25.444Z] info: jwt malformed
[2024-10-23T14:37:15.097Z] info: jwt malformed
[2024-10-23T14:37:17.748Z] info: Incorrect email/password!
[2024-10-23T14:37:22.903Z] info: Incorrect email/password!
[2024-10-23T14:37:24.661Z] info: Incorrect email/password!
[2024-10-23T14:37:26.367Z] info: Incorrect email/password!
[2024-10-23T14:38:11.658Z] info: Incorrect email/password!
[2024-10-23T14:38:40.631Z] info: WHERE parameter "id_users" has invalid "undefined" value
[2024-10-23T14:38:41.294Z] info: WHERE parameter "id_users" has invalid "undefined" value
[2024-10-23T14:38:55.156Z] info: WHERE parameter "id_users" has invalid "undefined" value
[2024-10-23T14:38:59.501Z] info: WHERE parameter "id_users" has invalid "undefined" value
[2024-10-23T14:40:16.979Z] info: WHERE parameter "id_users" has invalid "undefined" value
[2024-10-23T14:40:25.803Z] info: WHERE parameter "id_users" has invalid "undefined" value
[2024-10-23T14:40:30.447Z] info: WHERE parameter "id_users" has invalid "undefined" value
[2024-10-23T14:40:32.195Z] info: WHERE parameter "id_users" has invalid "undefined" value
[2024-10-23T14:40:57.645Z] info: WHERE parameter "id_users" has invalid "undefined" value
[2024-10-23T14:41:01.099Z] info: WHERE parameter "id_users" has invalid "undefined" value
[2024-10-23T14:41:04.235Z] info: WHERE parameter "id_users" has invalid "undefined" value
[2024-10-23T14:41:05.057Z] info: WHERE parameter "id_users" has invalid "undefined" value
[2024-10-23T14:41:05.643Z] info: WHERE parameter "id_users" has invalid "undefined" value
[2024-10-23T14:41:05.992Z] info: WHERE parameter "id_users" has invalid "undefined" value
[2024-10-23T14:41:06.384Z] info: WHERE parameter "id_users" has invalid "undefined" value
[2024-10-23T14:41:06.673Z] info: WHERE parameter "id_users" has invalid "undefined" value
[2024-10-23T14:41:06.951Z] info: WHERE parameter "id_users" has invalid "undefined" value
[2024-10-23T14:41:07.245Z] info: WHERE parameter "id_users" has invalid "undefined" value
[2024-10-23T14:41:07.612Z] info: WHERE parameter "id_users" has invalid "undefined" value
[2024-10-23T14:43:07.259Z] info: WHERE parameter "id_users" has invalid "undefined" value
[2024-10-23T14:43:10.810Z] info: WHERE parameter "id_users" has invalid "undefined" value
[2024-10-23T14:43:15.644Z] info: WHERE parameter "id_users" has invalid "undefined" value
[2024-10-23T14:43:44.031Z] info: WHERE parameter "id_users" has invalid "undefined" value
[2024-10-23T14:43:44.967Z] info: WHERE parameter "id_users" has invalid "undefined" value
[2024-10-23T14:43:56.777Z] info: WHERE parameter "id_users" has invalid "undefined" value
[2024-10-23T14:44:29.654Z] info: WHERE parameter "id_users" has invalid "undefined" value
[2024-10-23T14:44:43.314Z] info: WHERE parameter "id_users" has invalid "undefined" value
[2024-10-23T14:44:51.877Z] info: WHERE parameter "id_users" has invalid "undefined" value
[2024-10-23T14:45:06.174Z] info: WHERE parameter "id_users" has invalid "undefined" value
[2024-10-23T14:45:25.405Z] info: WHERE parameter "id_users" has invalid "undefined" value
[2024-10-23T14:45:34.489Z] info: WHERE parameter "id_users" has invalid "undefined" value
[2024-10-23T14:45:37.390Z] info: WHERE parameter "id_users" has invalid "undefined" value
[2024-10-23T14:45:43.984Z] info: jwt malformed
[2024-10-23T14:45:45.826Z] info: Incorrect email/password!
[2024-10-23T14:45:49.471Z] info: jwt malformed
[2024-10-23T14:45:50.623Z] info: jwt malformed
[2024-10-23T14:46:08.118Z] info: Incorrect email/password!
[2024-10-23T14:46:19.895Z] info: WHERE parameter "id_users" has invalid "undefined" value
[2024-10-23T14:46:21.746Z] info: WHERE parameter "id_users" has invalid "undefined" value
[2024-10-23T14:46:22.635Z] info: WHERE parameter "id_users" has invalid "undefined" value
[2024-10-23T14:46:23.344Z] info: WHERE parameter "id_users" has invalid "undefined" value
[2024-10-23T14:46:28.496Z] info: jwt malformed
[2024-10-23T14:47:56.707Z] info: jwt malformed
[2024-10-23T14:48:45.839Z] info: jwt malformed
[2024-10-23T14:48:46.856Z] info: jwt malformed
[2024-10-23T14:48:48.513Z] info: Incorrect email/password!
[2024-10-23T14:48:53.481Z] info: WHERE parameter "id_users" has invalid "undefined" value
[2024-10-23T15:22:57.835Z] info: WHERE parameter "id_users" has invalid "undefined" value
[2024-10-23T15:23:08.674Z] info: WHERE parameter "id_users" has invalid "undefined" value
[2024-10-23T15:23:50.578Z] info: jwt malformed
[2024-10-23T15:23:55.505Z] info: WHERE parameter "id_users" has invalid "undefined" value
[2024-10-23T15:25:10.915Z] info: WHERE parameter "id_users" has invalid "undefined" value
[2024-10-23T15:27:40.323Z] info: WHERE parameter "id_users" has invalid "undefined" value
[2024-10-23T15:29:04.445Z] info: Can't find /socket.io/?EIO=4&transport=polling&t=PAv_kkm on this server! 游빋
[2024-10-23T15:29:06.429Z] info: Can't find /socket.io/?EIO=4&transport=polling&t=PAv_lDr on this server! 游빋
[2024-10-23T15:29:09.425Z] info: Can't find /socket.io/?EIO=4&transport=polling&t=PAv_lyj on this server! 游빋
[2024-10-23T15:29:10.704Z] info: Can't find /socket.io/?EIO=4&transport=polling&t=PAv_mGk on this server! 游빋
[2024-10-23T15:29:11.197Z] info: WHERE parameter "id_users" has invalid "undefined" value
[2024-10-23T15:29:11.495Z] info: Can't find /socket.io/?EIO=4&transport=polling&t=PAv_mS_ on this server! 游빋
[2024-10-23T15:29:13.425Z] info: Can't find /socket.io/?EIO=4&transport=polling&t=PAv_mxB on this server! 游빋
[2024-10-23T15:29:14.213Z] info: Can't find /socket.io/?EIO=4&transport=polling&t=PAv_n7U on this server! 游빋
[2024-10-23T15:29:16.948Z] info: Can't find /socket.io/?EIO=4&transport=polling&t=PAv_noE on this server! 游빋
[2024-10-23T15:29:19.424Z] info: Can't find /socket.io/?EIO=4&transport=polling&t=PAv_oOz on this server! 游빋
[2024-10-23T15:29:22.421Z] info: Can't find /socket.io/?EIO=4&transport=polling&t=PAv_p7n on this server! 游빋
[2024-10-23T15:29:25.428Z] info: Can't find /socket.io/?EIO=4&transport=polling&t=PAv_psj on this server! 游빋
[2024-10-23T15:29:28.427Z] info: Can't find /socket.io/?EIO=4&transport=polling&t=PAv_qbb on this server! 游빋
[2024-10-23T15:29:31.420Z] info: Can't find /socket.io/?EIO=4&transport=polling&t=PAv_rKO on this server! 游빋
[2024-10-23T15:29:34.425Z] info: Can't find /socket.io/?EIO=4&transport=polling&t=PAv_s3K on this server! 游빋
[2024-10-23T15:29:37.423Z] info: Can't find /socket.io/?EIO=4&transport=polling&t=PAv_soB on this server! 游빋
[2024-10-23T15:29:40.425Z] info: Can't find /socket.io/?EIO=4&transport=polling&t=PAv_tX4 on this server! 游빋
[2024-10-23T15:29:43.425Z] info: Can't find /socket.io/?EIO=4&transport=polling&t=PAv_uFy on this server! 游빋
[2024-10-23T15:29:46.424Z] info: Can't find /socket.io/?EIO=4&transport=polling&t=PAv_u-q on this server! 游빋
[2024-10-23T15:29:49.422Z] info: Can't find /socket.io/?EIO=4&transport=polling&t=PAv_vjg on this server! 游빋
[2024-10-23T15:29:52.428Z] info: Can't find /socket.io/?EIO=4&transport=polling&t=PAv_wSb on this server! 游빋
[2024-10-23T15:29:55.421Z] info: Can't find /socket.io/?EIO=4&transport=polling&t=PAv_xBQ on this server! 游빋
[2024-10-23T15:29:58.469Z] info: Can't find /socket.io/?EIO=4&transport=polling&t=PAv_xwS on this server! 游빋
[2024-10-23T15:30:01.432Z] info: Can't find /socket.io/?EIO=4&transport=polling&t=PAv_yfE on this server! 游빋
[2024-10-23T15:30:04.445Z] info: Can't find /socket.io/?EIO=4&transport=polling&t=PAv_zO5 on this server! 游빋
[2024-10-23T15:30:07.434Z] info: Can't find /socket.io/?EIO=4&transport=polling&t=PAv_-71 on this server! 游빋
[2024-10-23T15:30:10.426Z] info: Can't find /socket.io/?EIO=4&transport=polling&t=PAv_-rr on this server! 游빋
[2024-10-23T15:30:13.420Z] info: Can't find /socket.io/?EIO=4&transport=polling&t=PAv__ad on this server! 游빋
[2024-10-23T15:30:16.421Z] info: Can't find /socket.io/?EIO=4&transport=polling&t=PAw00JX on this server! 游빋
[2024-10-23T15:30:19.423Z] info: Can't find /socket.io/?EIO=4&transport=polling&t=PAw012S on this server! 游빋
[2024-10-23T15:30:22.424Z] info: Can't find /socket.io/?EIO=4&transport=polling&t=PAw01nJ on this server! 游빋
[2024-10-23T15:30:25.420Z] info: Can't find /socket.io/?EIO=4&transport=polling&t=PAw02W8 on this server! 游빋
[2024-10-23T15:30:28.425Z] info: Can't find /socket.io/?EIO=4&transport=polling&t=PAw03F4 on this server! 游빋
[2024-10-23T15:30:31.420Z] info: Can't find /socket.io/?EIO=4&transport=polling&t=PAw03zt on this server! 游빋
[2024-10-23T15:30:34.420Z] info: Can't find /socket.io/?EIO=4&transport=polling&t=PAw04im on this server! 游빋
[2024-10-23T15:30:37.422Z] info: Can't find /socket.io/?EIO=4&transport=polling&t=PAw05Rh on this server! 游빋
[2024-10-23T15:30:40.423Z] info: Can't find /socket.io/?EIO=4&transport=polling&t=PAw06AY on this server! 游빋
[2024-10-23T15:30:43.421Z] info: Can't find /socket.io/?EIO=4&transport=polling&t=PAw06vR on this server! 游빋
[2024-10-23T15:30:46.422Z] info: Can't find /socket.io/?EIO=4&transport=polling&t=PAw07eF on this server! 游빋
[2024-10-23T15:30:49.425Z] info: Can't find /socket.io/?EIO=4&transport=polling&t=PAw08NB on this server! 游빋
[2024-10-23T15:30:52.422Z] info: Can't find /socket.io/?EIO=4&transport=polling&t=PAw0960 on this server! 游빋
[2024-10-23T15:30:55.431Z] info: Can't find /socket.io/?EIO=4&transport=polling&t=PAw09q- on this server! 游빋
[2024-10-23T15:30:58.430Z] info: Can't find /socket.io/?EIO=4&transport=polling&t=PAw0AZr on this server! 游빋
[2024-10-23T15:31:01.418Z] info: Can't find /socket.io/?EIO=4&transport=polling&t=PAw0BId on this server! 游빋
[2024-10-23T15:31:04.425Z] info: Can't find /socket.io/?EIO=4&transport=polling&t=PAw0C1Y on this server! 游빋
[2024-10-23T15:31:07.423Z] info: Can't find /socket.io/?EIO=4&transport=polling&t=PAw0CmP on this server! 游빋
[2024-10-23T15:31:10.423Z] info: Can't find /socket.io/?EIO=4&transport=polling&t=PAw0DVG on this server! 游빋
[2024-10-23T15:31:13.422Z] info: Can't find /socket.io/?EIO=4&transport=polling&t=PAw0EEA on this server! 游빋
[2024-10-23T15:31:16.422Z] info: Can't find /socket.io/?EIO=4&transport=polling&t=PAw0Ez1 on this server! 游빋
[2024-10-23T15:31:19.425Z] info: Can't find /socket.io/?EIO=4&transport=polling&t=PAw0Fhw on this server! 游빋
[2024-10-23T15:31:22.426Z] info: Can't find /socket.io/?EIO=4&transport=polling&t=PAw0GQo on this server! 游빋
[2024-10-23T15:31:25.427Z] info: Can't find /socket.io/?EIO=4&transport=polling&t=PAw0H9e on this server! 游빋
[2024-10-23T15:31:28.428Z] info: Can't find /socket.io/?EIO=4&transport=polling&t=PAw0HuZ on this server! 游빋
[2024-10-23T15:31:41.257Z] info: WHERE parameter "id_users" has invalid "undefined" value
[2024-10-23T15:32:00.867Z] info: WHERE parameter "id_users" has invalid "undefined" value
[2024-10-23T15:33:56.597Z] info: WHERE parameter "id_users" has invalid "undefined" value
[2024-10-23T15:40:23.279Z] info: WHERE parameter "id_users" has invalid "undefined" value
[2024-10-23T15:40:45.408Z] info: WHERE parameter "id_users" has invalid "undefined" value
[2024-10-23T15:46:54.993Z] info: WHERE parameter "id_users" has invalid "undefined" value
[2024-10-23T15:54:16.466Z] info: WHERE parameter "id_users" has invalid "undefined" value
[2024-10-23T15:54:54.615Z] info: WHERE parameter "id_users" has invalid "undefined" value
[2024-10-23T15:56:09.684Z] info: WHERE parameter "id_users" has invalid "undefined" value
[2024-10-23T15:56:19.280Z] info: WHERE parameter "id_users" has invalid "undefined" value
[2024-10-23T15:56:31.762Z] info: WHERE parameter "id_users" has invalid "undefined" value
[2024-10-23T15:56:39.533Z] info: WHERE parameter "id_users" has invalid "undefined" value
[2024-10-23T15:57:30.596Z] info: WHERE parameter "id_users" has invalid "undefined" value
[2024-10-23T15:58:28.386Z] info: WHERE parameter "id_users" has invalid "undefined" value
[2024-10-23T15:58:38.275Z] info: WHERE parameter "id_users" has invalid "undefined" value
[2024-10-23T15:59:49.307Z] info: WHERE parameter "id_users" has invalid "undefined" value
[2024-10-23T16:26:05.964Z] info: jwt expired
[2024-10-23T16:27:10.855Z] info: jwt expired
[2024-10-23T16:28:30.816Z] info: jwt expired
[2024-10-23T16:28:31.891Z] info: jwt expired
[2024-10-23T16:29:05.958Z] info: jwt malformed
[2024-10-23T16:29:13.864Z] info: WHERE parameter "id_users" has invalid "undefined" value
[2024-10-23T16:34:34.023Z] info: WHERE parameter "id_users" has invalid "undefined" value
[2024-10-23T16:34:53.796Z] info: jwt malformed
[2024-10-23T16:35:01.223Z] info: WHERE parameter "id_users" has invalid "undefined" value
[2024-10-23T16:52:47.689Z] info: jwt malformed
[2024-10-23T16:52:53.760Z] info: WHERE parameter "id_users" has invalid "undefined" value
[2024-10-23T16:53:02.159Z] info: WHERE parameter "id_users" has invalid "undefined" value
[2024-10-23T16:53:06.795Z] info: WHERE parameter "id_users" has invalid "undefined" value
[2024-10-23T17:37:26.757Z] info: jwt malformed
[2024-10-23T17:37:31.250Z] info: WHERE parameter "id_users" has invalid "undefined" value
[2024-10-23T17:40:25.288Z] info: WHERE parameter "id_users" has invalid "undefined" value
[2024-10-23T17:43:07.315Z] info: WHERE parameter "id_users" has invalid "undefined" value
[2024-10-23T17:43:51.445Z] info: WHERE parameter "id_users" has invalid "undefined" value
[2024-10-23T17:50:23.982Z] info: jwt malformed
[2024-10-23T17:51:43.525Z] info: Incorrect email/password!
[2024-10-23T17:51:59.974Z] info: Incorrect email/password!
[2024-10-23T17:54:13.891Z] info: Incorrect email/password!
[2024-10-23T17:54:25.291Z] info: Incorrect email/password!
[2024-10-23T17:54:40.068Z] info: Incorrect email/password!
[2024-10-23T17:55:14.171Z] info: Incorrect email/password!
[2024-10-23T17:56:22.130Z] info: Incorrect email/password!
[2024-10-23T17:57:02.045Z] info: Incorrect email/password!
[2024-10-23T17:57:03.058Z] info: Incorrect email/password!
[2024-10-23T17:57:03.901Z] info: Incorrect email/password!
[2024-10-23T17:57:04.663Z] info: Incorrect email/password!
[2024-10-23T17:57:30.709Z] info: Incorrect email/password!
[2024-10-23T18:00:01.152Z] info: WHERE parameter "id_users" has invalid "undefined" value
[2024-10-23T19:16:38.063Z] info: jwt expired
[2024-10-23T19:16:38.240Z] info: jwt malformed
[2024-10-23T19:16:41.659Z] info: WHERE parameter "id_users" has invalid "undefined" value
[2024-10-23T19:19:19.493Z] info: WHERE parameter "id_users" has invalid "undefined" value
[2024-10-23T21:35:33.829Z] info: jwt malformed
[2024-10-24T14:07:59.349Z] info: jwt malformed
[2024-10-24T14:08:03.237Z] info: WHERE parameter "id_users" has invalid "undefined" value
[2024-10-24T14:14:57.017Z] info: WHERE parameter "id_users" has invalid "undefined" value
[2024-10-24T14:18:38.998Z] info: WHERE parameter "id_users" has invalid "undefined" value
[2024-10-24T14:20:52.644Z] info: WHERE parameter "id_users" has invalid "undefined" value
[2024-10-24T14:24:35.539Z] info: WHERE parameter "id_users" has invalid "undefined" value
[2024-10-24T14:28:27.176Z] info: WHERE parameter "id_users" has invalid "undefined" value
[2024-10-24T14:33:20.426Z] info: WHERE parameter "id_users" has invalid "undefined" value
[2024-10-24T14:36:55.699Z] info: WHERE parameter "id_users" has invalid "undefined" value
[2024-10-24T14:36:57.909Z] info: WHERE parameter "id_users" has invalid "undefined" value
[2024-10-24T14:58:36.205Z] info: WHERE parameter "id_users" has invalid "undefined" value
[2024-10-24T15:11:34.793Z] info: jwt malformed
[2024-10-24T15:11:42.357Z] info: WHERE parameter "id_users" has invalid "undefined" value
[2024-10-24T15:12:07.187Z] info: WHERE parameter "id_users" has invalid "undefined" value
[2024-10-24T15:21:40.735Z] info: WHERE parameter "id_users" has invalid "undefined" value
[2024-10-24T15:21:42.712Z] info: WHERE parameter "id_users" has invalid "undefined" value
[2024-10-24T15:22:56.004Z] info: WHERE parameter "id_users" has invalid "undefined" value
[2024-10-24T15:23:10.470Z] info: WHERE parameter "id_users" has invalid "undefined" value
[2024-10-24T15:24:54.932Z] info: WHERE parameter "id_users" has invalid "undefined" value
[2024-10-24T15:30:28.838Z] info: WHERE parameter "id_users" has invalid "undefined" value
[2024-10-24T15:30:48.438Z] info: WHERE parameter "id_users" has invalid "undefined" value
[2024-10-24T15:31:14.741Z] info: WHERE parameter "id_users" has invalid "undefined" value
[2024-10-24T15:33:06.212Z] info: WHERE parameter "id_users" has invalid "undefined" value
[2024-10-24T15:43:49.060Z] info: WHERE parameter "id_users" has invalid "undefined" value
[2024-10-24T15:45:13.550Z] info: WHERE parameter "id_users" has invalid "undefined" value
[2024-10-24T15:50:22.738Z] info: WHERE parameter "id_users" has invalid "undefined" value
[2024-10-24T15:50:56.030Z] info: WHERE parameter "id_users" has invalid "undefined" value
[2024-10-24T16:01:45.084Z] info: WHERE parameter "id_users" has invalid "undefined" value
[2024-10-24T16:02:44.486Z] info: WHERE parameter "id_users" has invalid "undefined" value
[2024-10-24T16:02:52.847Z] info: WHERE parameter "id_users" has invalid "undefined" value
[2024-10-24T16:04:15.429Z] info: WHERE parameter "id_users" has invalid "undefined" value
[2024-10-24T16:07:23.591Z] info: WHERE parameter "id_users" has invalid "undefined" value
[2024-10-24T16:11:32.387Z] info: WHERE parameter "id_users" has invalid "undefined" value
[2024-10-24T16:11:36.425Z] info: WHERE parameter "id_users" has invalid "undefined" value
[2024-10-24T16:14:23.438Z] info: jwt expired
[2024-10-24T16:14:23.689Z] info: jwt malformed
[2024-10-24T16:14:26.958Z] info: WHERE parameter "id_users" has invalid "undefined" value
[2024-10-24T16:15:12.788Z] info: WHERE parameter "id_users" has invalid "undefined" value
[2024-10-24T16:15:55.202Z] info: WHERE parameter "id_users" has invalid "undefined" value
[2024-10-24T16:16:02.819Z] info: WHERE parameter "id_users" has invalid "undefined" value
[2024-10-24T16:16:25.901Z] info: WHERE parameter "id_users" has invalid "undefined" value
[2024-10-24T16:16:56.178Z] info: WHERE parameter "id_users" has invalid "undefined" value
[2024-10-24T16:17:13.556Z] info: WHERE parameter "id_users" has invalid "undefined" value
[2024-10-24T16:18:20.183Z] info: WHERE parameter "id_users" has invalid "undefined" value
[2024-10-24T16:18:52.468Z] info: WHERE parameter "id_users" has invalid "undefined" value
[2024-10-24T16:19:38.513Z] info: WHERE parameter "id_users" has invalid "undefined" value
[2024-10-24T16:21:38.940Z] info: WHERE parameter "id_users" has invalid "undefined" value
[2024-10-24T16:24:16.531Z] info: WHERE parameter "id_users" has invalid "undefined" value
[2024-10-24T16:37:52.149Z] info: WHERE parameter "id_users" has invalid "undefined" value
[2024-10-24T16:58:03.764Z] info: WHERE parameter "id_users" has invalid "undefined" value
[2024-10-24T17:02:07.487Z] info: WHERE parameter "id_users" has invalid "undefined" value
[2024-10-24T17:10:05.949Z] info: WHERE parameter "id_users" has invalid "undefined" value
[2024-10-24T17:10:37.456Z] info: WHERE parameter "id_users" has invalid "undefined" value
[2024-10-24T17:10:54.682Z] info: WHERE parameter "id_users" has invalid "undefined" value
[2024-10-24T17:10:59.742Z] info: WHERE parameter "id_users" has invalid "undefined" value
[2024-10-24T17:11:31.264Z] info: WHERE parameter "id_users" has invalid "undefined" value
[2024-10-24T17:11:50.615Z] info: WHERE parameter "id_users" has invalid "undefined" value
[2024-10-24T17:12:11.216Z] info: WHERE parameter "id_users" has invalid "undefined" value
[2024-10-24T17:13:34.541Z] info: WHERE parameter "id_users" has invalid "undefined" value
[2024-10-24T17:16:23.973Z] info: jwt expired
[2024-10-24T17:16:23.982Z] info: jwt expired
[2024-10-24T17:16:24.280Z] info: jwt malformed
[2024-10-24T17:16:24.282Z] info: jwt malformed
[2024-10-24T17:16:27.736Z] info: WHERE parameter "id_users" has invalid "undefined" value
[2024-10-24T17:16:27.832Z] info: WHERE parameter "id_users" has invalid "undefined" value
[2024-10-24T17:20:15.906Z] info: WHERE parameter "id_users" has invalid "undefined" value
[2024-10-24T17:20:15.913Z] info: WHERE parameter "id_users" has invalid "undefined" value
[2024-10-24T17:20:43.269Z] info: WHERE parameter "id_users" has invalid "undefined" value
[2024-10-24T17:20:43.367Z] info: WHERE parameter "id_users" has invalid "undefined" value
[2024-10-24T17:20:47.916Z] info: WHERE parameter "id_users" has invalid "undefined" value
[2024-10-24T17:20:47.918Z] info: WHERE parameter "id_users" has invalid "undefined" value
[2024-10-24T17:22:16.169Z] info: WHERE parameter "id_users" has invalid "undefined" value
[2024-10-24T17:22:16.174Z] info: WHERE parameter "id_users" has invalid "undefined" value
[2024-10-24T17:23:24.836Z] info: WHERE parameter "id_users" has invalid "undefined" value
[2024-10-24T17:23:24.838Z] info: WHERE parameter "id_users" has invalid "undefined" value
[2024-10-24T17:24:08.790Z] info: WHERE parameter "id_users" has invalid "undefined" value
[2024-10-24T17:24:08.792Z] info: WHERE parameter "id_users" has invalid "undefined" value
[2024-10-24T17:24:54.202Z] info: WHERE parameter "id_users" has invalid "undefined" value
[2024-10-24T17:24:54.298Z] info: WHERE parameter "id_users" has invalid "undefined" value
[2024-10-24T17:25:39.924Z] info: WHERE parameter "id_users" has invalid "undefined" value
[2024-10-24T17:25:39.933Z] info: WHERE parameter "id_users" has invalid "undefined" value
[2024-10-24T17:31:55.161Z] info: WHERE parameter "id_users" has invalid "undefined" value
[2024-10-24T17:31:55.162Z] info: WHERE parameter "id_users" has invalid "undefined" value
[2024-10-24T17:32:31.347Z] info: WHERE parameter "id_users" has invalid "undefined" value
[2024-10-24T17:32:31.348Z] info: WHERE parameter "id_users" has invalid "undefined" value
[2024-10-24T17:32:48.888Z] info: WHERE parameter "id_users" has invalid "undefined" value
[2024-10-24T17:32:48.901Z] info: WHERE parameter "id_users" has invalid "undefined" value
[2024-10-24T17:32:50.285Z] info: WHERE parameter "id_users" has invalid "undefined" value
[2024-10-24T17:32:50.286Z] info: WHERE parameter "id_users" has invalid "undefined" value
[2024-10-24T17:33:05.397Z] info: WHERE parameter "id_users" has invalid "undefined" value
[2024-10-24T17:33:05.399Z] info: WHERE parameter "id_users" has invalid "undefined" value
[2024-10-24T17:33:29.469Z] info: WHERE parameter "id_users" has invalid "undefined" value
[2024-10-24T17:33:29.471Z] info: WHERE parameter "id_users" has invalid "undefined" value
[2024-10-24T17:36:42.336Z] info: WHERE parameter "id_users" has invalid "undefined" value
[2024-10-24T17:36:42.434Z] info: WHERE parameter "id_users" has invalid "undefined" value
[2024-10-24T17:37:49.648Z] info: WHERE parameter "id_users" has invalid "undefined" value
[2024-10-24T17:37:49.650Z] info: WHERE parameter "id_users" has invalid "undefined" value
[2024-10-24T17:38:00.905Z] info: WHERE parameter "id_users" has invalid "undefined" value
[2024-10-24T17:38:00.907Z] info: WHERE parameter "id_users" has invalid "undefined" value
[2024-10-24T17:39:44.147Z] info: WHERE parameter "id_users" has invalid "undefined" value
[2024-10-24T17:39:44.249Z] info: WHERE parameter "id_users" has invalid "undefined" value
[2024-10-24T17:40:38.923Z] info: WHERE parameter "id_users" has invalid "undefined" value
[2024-10-24T17:40:39.023Z] info: WHERE parameter "id_users" has invalid "undefined" value
[2024-10-24T17:57:03.865Z] info: WHERE parameter "id_users" has invalid "undefined" value
[2024-10-24T17:57:03.967Z] info: WHERE parameter "id_users" has invalid "undefined" value
[2024-10-24T17:57:23.783Z] info: WHERE parameter "id_users" has invalid "undefined" value
[2024-10-24T17:57:23.882Z] info: WHERE parameter "id_users" has invalid "undefined" value
[2024-10-24T19:13:12.364Z] info: jwt malformed
[2024-10-24T19:13:12.367Z] info: jwt malformed
[2024-10-24T19:13:16.939Z] info: WHERE parameter "id_users" has invalid "undefined" value
[2024-10-24T19:13:16.941Z] info: WHERE parameter "id_users" has invalid "undefined" value
[2024-10-24T19:38:32.463Z] info: WHERE parameter "id_users" has invalid "undefined" value
[2024-10-24T19:38:32.464Z] info: WHERE parameter "id_users" has invalid "undefined" value
[2024-10-24T19:45:51.244Z] info: WHERE parameter "id_users" has invalid "undefined" value
[2024-10-24T19:45:51.253Z] info: WHERE parameter "id_users" has invalid "undefined" value
[2024-10-24T20:36:23.319Z] info: jwt expired
[2024-10-24T20:36:23.428Z] info: jwt malformed
[2024-10-24T20:36:23.431Z] info: jwt malformed
[2024-10-24T20:36:26.468Z] info: WHERE parameter "id_users" has invalid "undefined" value
[2024-10-24T20:36:26.668Z] info: WHERE parameter "id_users" has invalid "undefined" value
[2024-10-24T20:38:11.486Z] info: WHERE parameter "id_users" has invalid "undefined" value
[2024-10-24T20:38:11.588Z] info: WHERE parameter "id_users" has invalid "undefined" value
[2024-10-24T20:39:02.500Z] info: WHERE parameter "id_users" has invalid "undefined" value
[2024-10-24T20:39:02.601Z] info: WHERE parameter "id_users" has invalid "undefined" value
[2024-10-24T20:42:38.506Z] info: WHERE parameter "id_users" has invalid "undefined" value
[2024-10-24T20:42:38.528Z] info: WHERE parameter "id_users" has invalid "undefined" value
[2024-10-24T20:42:55.838Z] info: WHERE parameter "id_users" has invalid "undefined" value
[2024-10-24T20:42:55.844Z] info: WHERE parameter "id_users" has invalid "undefined" value
[2024-10-24T20:46:45.070Z] info: WHERE parameter "id_users" has invalid "undefined" value
[2024-10-24T20:46:45.081Z] info: WHERE parameter "id_users" has invalid "undefined" value
[2024-10-24T20:47:45.169Z] info: WHERE parameter "id_users" has invalid "undefined" value
[2024-10-24T20:47:45.176Z] info: WHERE parameter "id_users" has invalid "undefined" value
[2024-10-24T20:52:33.545Z] info: WHERE parameter "id_users" has invalid "undefined" value
[2024-10-24T20:52:33.550Z] info: WHERE parameter "id_users" has invalid "undefined" value
[2024-10-24T20:55:44.418Z] info: WHERE parameter "id_users" has invalid "undefined" value
[2024-10-24T20:55:44.422Z] info: WHERE parameter "id_users" has invalid "undefined" value
[2024-10-24T20:56:30.966Z] info: WHERE parameter "id_users" has invalid "undefined" value
[2024-10-24T20:56:30.972Z] info: WHERE parameter "id_users" has invalid "undefined" value
[2024-10-24T20:58:30.902Z] info: WHERE parameter "id_users" has invalid "undefined" value
[2024-10-24T20:58:30.946Z] info: WHERE parameter "id_users" has invalid "undefined" value
[2024-10-24T20:59:51.289Z] info: WHERE parameter "id_users" has invalid "undefined" value
[2024-10-24T20:59:51.405Z] info: WHERE parameter "id_users" has invalid "undefined" value
[2024-10-24T21:00:07.762Z] info: WHERE parameter "id_users" has invalid "undefined" value
[2024-10-24T21:00:07.872Z] info: WHERE parameter "id_users" has invalid "undefined" value
[2024-10-24T21:02:39.371Z] info: WHERE parameter "id_users" has invalid "undefined" value
[2024-10-24T21:02:39.474Z] info: WHERE parameter "id_users" has invalid "undefined" value
[2024-10-24T21:10:17.377Z] info: WHERE parameter "id_users" has invalid "undefined" value
[2024-10-24T21:10:17.382Z] info: WHERE parameter "id_users" has invalid "undefined" value
[2024-10-24T21:11:08.526Z] info: WHERE parameter "id_users" has invalid "undefined" value
[2024-10-24T21:11:08.530Z] info: WHERE parameter "id_users" has invalid "undefined" value
[2024-10-24T21:16:11.569Z] info: WHERE parameter "id_users" has invalid "undefined" value
[2024-10-24T21:16:11.581Z] info: WHERE parameter "id_users" has invalid "undefined" value
[2024-10-24T21:16:57.230Z] info: WHERE parameter "id_users" has invalid "undefined" value
[2024-10-24T21:16:57.233Z] info: WHERE parameter "id_users" has invalid "undefined" value
[2024-10-24T21:16:58.998Z] info: WHERE parameter "id_users" has invalid "undefined" value
[2024-10-24T21:16:59.000Z] info: WHERE parameter "id_users" has invalid "undefined" value
[2024-10-24T21:48:49.960Z] info: jwt expired
[2024-10-24T21:48:49.970Z] info: jwt expired
[2024-10-24T21:48:50.242Z] info: jwt malformed
[2024-10-24T21:48:50.245Z] info: jwt malformed
[2024-10-24T21:48:53.022Z] info: WHERE parameter "id_users" has invalid "undefined" value
[2024-10-24T21:48:53.025Z] info: WHERE parameter "id_users" has invalid "undefined" value
[2024-10-24T21:53:33.530Z] info: WHERE parameter "id_users" has invalid "undefined" value
[2024-10-24T21:53:33.541Z] info: WHERE parameter "id_users" has invalid "undefined" value
[2024-10-24T21:53:58.361Z] info: WHERE parameter "id_users" has invalid "undefined" value
[2024-10-24T21:53:58.376Z] info: WHERE parameter "id_users" has invalid "undefined" value
[2024-10-24T21:54:04.093Z] info: WHERE parameter "id_users" has invalid "undefined" value
[2024-10-24T21:54:04.095Z] info: WHERE parameter "id_users" has invalid "undefined" value
[2024-10-24T21:54:25.584Z] info: WHERE parameter "id_users" has invalid "undefined" value
[2024-10-24T21:54:25.689Z] info: WHERE parameter "id_users" has invalid "undefined" value
[2024-10-24T21:54:35.708Z] info: WHERE parameter "id_users" has invalid "undefined" value
[2024-10-24T21:54:35.811Z] info: WHERE parameter "id_users" has invalid "undefined" value
[2024-10-25T13:05:50.881Z] info: jwt malformed
[2024-10-25T13:05:50.886Z] info: jwt malformed
[2024-10-25T13:08:53.720Z] info: WHERE parameter "id_users" has invalid "undefined" value
[2024-10-25T13:08:53.923Z] info: WHERE parameter "id_users" has invalid "undefined" value
[2024-10-25T13:10:49.092Z] info: WHERE parameter "id_users" has invalid "undefined" value
[2024-10-25T13:10:49.198Z] info: WHERE parameter "id_users" has invalid "undefined" value
[2024-10-25T13:12:21.811Z] info: WHERE parameter "id_users" has invalid "undefined" value
[2024-10-25T13:12:21.918Z] info: WHERE parameter "id_users" has invalid "undefined" value
[2024-10-25T13:13:30.377Z] info: WHERE parameter "id_users" has invalid "undefined" value
[2024-10-25T13:13:30.380Z] info: WHERE parameter "id_users" has invalid "undefined" value
[2024-10-25T13:13:39.286Z] info: WHERE parameter "id_users" has invalid "undefined" value
[2024-10-25T13:13:39.291Z] info: WHERE parameter "id_users" has invalid "undefined" value
[2024-10-25T13:14:08.738Z] info: WHERE parameter "id_users" has invalid "undefined" value
[2024-10-25T13:14:08.740Z] info: WHERE parameter "id_users" has invalid "undefined" value
[2024-10-25T13:14:11.990Z] info: WHERE parameter "id_users" has invalid "undefined" value
[2024-10-25T13:14:11.990Z] info: WHERE parameter "id_users" has invalid "undefined" value
[2024-10-25T13:15:09.438Z] info: WHERE parameter "id_users" has invalid "undefined" value
[2024-10-25T13:15:09.460Z] info: WHERE parameter "id_users" has invalid "undefined" value
[2024-10-25T13:15:45.835Z] info: WHERE parameter "id_users" has invalid "undefined" value
[2024-10-25T13:15:46.034Z] info: WHERE parameter "id_users" has invalid "undefined" value
[2024-10-25T13:32:56.835Z] info: WHERE parameter "id_users" has invalid "undefined" value
[2024-10-25T13:32:56.945Z] info: WHERE parameter "id_users" has invalid "undefined" value
[2024-10-25T13:33:30.169Z] info: WHERE parameter "id_users" has invalid "undefined" value
[2024-10-25T13:33:30.173Z] info: WHERE parameter "id_users" has invalid "undefined" value
[2024-10-25T13:33:45.796Z] info: WHERE parameter "id_users" has invalid "undefined" value
[2024-10-25T13:33:45.798Z] info: WHERE parameter "id_users" has invalid "undefined" value
[2024-10-25T13:35:01.915Z] info: WHERE parameter "id_users" has invalid "undefined" value
[2024-10-25T13:35:01.917Z] info: WHERE parameter "id_users" has invalid "undefined" value
[2024-10-25T13:35:17.260Z] info: WHERE parameter "id_users" has invalid "undefined" value
[2024-10-25T13:35:17.277Z] info: WHERE parameter "id_users" has invalid "undefined" value
[2024-10-25T13:39:54.624Z] info: WHERE parameter "id_users" has invalid "undefined" value
[2024-10-25T13:39:54.628Z] info: WHERE parameter "id_users" has invalid "undefined" value
[2024-10-25T15:53:45.393Z] info: jwt malformed
[2024-10-25T15:53:45.407Z] info: jwt malformed
[2024-10-25T15:53:48.102Z] info: WHERE parameter "id_users" has invalid "undefined" value
[2024-10-25T15:53:48.108Z] info: WHERE parameter "id_users" has invalid "undefined" value
[2024-10-25T16:08:16.029Z] info: WHERE parameter "id_users" has invalid "undefined" value
[2024-10-25T16:08:16.136Z] info: WHERE parameter "id_users" has invalid "undefined" value
[2024-10-25T16:09:42.658Z] info: WHERE parameter "id_users" has invalid "undefined" value
[2024-10-25T16:09:42.759Z] info: WHERE parameter "id_users" has invalid "undefined" value
[2024-10-25T19:17:59.625Z] info: jwt malformed
[2024-10-25T19:17:59.627Z] info: jwt malformed
[2024-10-25T19:18:04.124Z] info: WHERE parameter "id_users" has invalid "undefined" value
[2024-10-25T19:18:04.126Z] info: WHERE parameter "id_users" has invalid "undefined" value
[2024-10-25T21:31:10.875Z] info: jwt expired
[2024-10-25T21:31:10.879Z] info: jwt expired
[2024-10-25T21:31:11.197Z] info: jwt malformed
[2024-10-25T21:31:11.199Z] info: jwt malformed
[2024-10-25T21:31:15.733Z] info: WHERE parameter "id_users" has invalid "undefined" value
[2024-10-25T21:31:15.835Z] info: WHERE parameter "id_users" has invalid "undefined" value
[2024-10-25T21:36:10.855Z] info: Can't find /api/v1/auth/renew on this server! 游빋
[2024-10-25T21:36:10.871Z] info: Can't find /api/v1/auth/renew on this server! 游빋
[2024-10-25T21:37:49.706Z] info: Can't find /api/v1/auth/renew on this server! 游빋
[2024-10-25T21:37:49.707Z] info: Can't find /api/v1/auth/renew on this server! 游빋
[2024-10-25T21:39:32.836Z] info: Can't find /api/v1/auth/renew on this server! 游빋
[2024-10-25T21:39:32.851Z] info: Can't find /api/v1/auth/renew on this server! 游빋
[2024-10-25T21:40:02.180Z] info: WHERE parameter "id_users" has invalid "undefined" value
[2024-10-25T21:40:02.185Z] info: WHERE parameter "id_users" has invalid "undefined" value
[2024-10-25T21:40:34.583Z] info: id is not defined
[2024-10-25T21:40:34.587Z] info: id is not defined
[2024-10-25T21:41:00.032Z] info: id is not defined
[2024-10-25T21:41:00.037Z] info: id is not defined
[2024-10-26T12:59:06.234Z] info: jwt malformed
[2024-10-26T12:59:06.238Z] info: jwt malformed
[2024-10-26T17:51:52.775Z] info: jwt malformed
[2024-10-26T17:51:52.794Z] info: jwt malformed
[2024-10-26T19:29:05.591Z] info: jwt malformed
[2024-10-28T18:07:57.718Z] info: jwt malformed
[2024-10-28T21:16:47.007Z] info: jwt expired
[2024-10-28T21:16:47.316Z] info: jwt malformed
[2024-10-29T17:02:05.866Z] info: jwt malformed
[2024-10-29T17:23:09.379Z] info: jwt malformed
[2024-10-29T17:54:06.302Z] info: jwt malformed
[2024-10-29T17:54:58.153Z] info: jwt malformed
[2024-10-29T19:20:49.969Z] info: jwt malformed
[2024-10-29T21:48:50.750Z] info: jwt malformed
[2024-10-30T13:12:44.833Z] info: jwt malformed
[2024-10-30T15:55:20.627Z] info: jwt malformed
[2024-10-30T16:01:02.431Z] info: jwt malformed
[2024-10-30T17:03:03.760Z] info: jwt expired
[2024-10-30T19:24:14.770Z] info: jwt expired
[2024-10-30T19:24:15.062Z] info: jwt malformed
[2024-10-30T21:29:22.907Z] info: jwt malformed
[2024-10-31T13:10:19.467Z] info: jwt malformed
[2024-10-31T16:18:56.221Z] info: jwt expired
[2024-10-31T16:18:56.492Z] info: jwt malformed
[2024-10-31T16:54:15.377Z] info: jwt malformed
[2024-11-05T13:38:00.339Z] info: jwt malformed
[2024-11-05T17:03:15.442Z] info: jwt expired
[2024-11-05T17:03:58.441Z] info: jwt expired
[2024-11-05T17:04:03.843Z] info: jwt expired
[2024-11-05T17:58:09.335Z] info: jwt malformed
[2024-11-05T19:41:50.416Z] info: jwt malformed
[2024-11-06T13:44:57.047Z] info: jwt malformed
[2024-11-06T15:32:58.504Z] info: jwt malformed
[2024-11-06T15:33:09.465Z] info: jwt malformed
[2024-11-06T16:34:15.016Z] info: jwt malformed
[2024-11-06T16:34:29.622Z] info: Incorrect email/password!
[2024-11-06T16:55:23.073Z] info: jwt malformed
[2024-11-06T17:09:13.545Z] info: Can't find /api/v1/upload on this server! 游빋
[2024-11-06T17:09:37.562Z] info: Can't find /api/v1/webhook/upload on this server! 游빋
[2024-11-06T17:13:52.234Z] info: ENOENT: no such file or directory, open 'uploads/audios/1730913232230-218165963-audio.ogg'
[2024-11-06T17:16:06.688Z] info: ENOENT: no such file or directory, open 'uploads/audios/1730913366685-413518953-audio.ogg'
[2024-11-06T19:03:26.686Z] info: jwt malformed
[2024-11-06T20:27:34.256Z] info: jwt malformed
[2024-11-07T20:19:34.479Z] info: jwt malformed
[2024-11-07T20:58:34.678Z] info: jwt malformed
[2024-11-08T19:19:23.116Z] info: jwt malformed
[2024-11-08T19:24:38.253Z] info: jwt malformed
[2024-11-11T14:01:54.768Z] info: jwt malformed
[2024-11-11T19:41:30.029Z] info: jwt malformed
[2024-11-12T15:18:17.810Z] info: jwt malformed
[2024-11-12T16:21:49.924Z] info: jwt malformed
[2024-11-12T21:33:42.317Z] info: jwt malformed
[2024-11-13T13:10:25.106Z] info: jwt malformed
[2024-11-13T15:00:08.233Z] info: jwt malformed
[2024-11-13T18:01:02.507Z] info: jwt expired
[2024-11-13T18:01:02.839Z] info: jwt malformed
[2024-11-13T19:34:00.920Z] info: jwt expired
[2024-11-13T19:34:01.325Z] info: jwt malformed
[2024-11-13T19:52:45.105Z] info: jwt malformed
[2024-11-14T14:06:57.402Z] info: jwt malformed
[2024-11-14T16:10:05.966Z] info: jwt expired
[2024-11-14T16:10:06.371Z] info: jwt malformed
[2024-11-14T20:22:59.971Z] info: jwt malformed
[2024-11-15T19:58:56.471Z] info: jwt malformed
[2024-11-15T21:29:17.978Z] info: jwt expired
[2024-11-15T21:29:18.272Z] info: jwt malformed
[2024-11-19T17:37:13.992Z] info: jwt malformed
[2024-11-20T14:40:04.318Z] info: jwt malformed
[2024-11-20T15:46:54.594Z] info: You are not logged in! Please log in to get access.
[2024-11-20T15:47:26.105Z] info: jwt expired
[2024-11-20T15:47:40.653Z] info: jwt expired
[2024-11-20T15:47:41.374Z] info: jwt malformed
[2024-11-20T16:07:55.693Z] info: You are not logged in! Please log in to get access.
[2024-11-20T16:07:55.702Z] info: You are not logged in! Please log in to get access.
[2024-11-20T16:07:56.299Z] info: You are not logged in! Please log in to get access.
[2024-11-20T16:08:46.238Z] info: You are not logged in! Please log in to get access.
[2024-11-20T16:08:46.360Z] info: You are not logged in! Please log in to get access.
[2024-11-20T17:06:43.952Z] info: Named replacement ":limit" has no entry in the replacement map.
[2024-11-20T17:06:44.048Z] info: Named replacement ":limit" has no entry in the replacement map.
[2024-11-20T17:07:19.673Z] info: jwt expired
[2024-11-20T17:07:49.065Z] info: Named replacement ":limit" has no entry in the replacement map.
[2024-11-20T17:07:49.190Z] info: Named replacement ":limit" has no entry in the replacement map.
[2024-11-20T17:11:31.352Z] info: You are not logged in! Please log in to get access.
[2024-11-20T17:11:31.358Z] info: You are not logged in! Please log in to get access.
[2024-11-20T17:11:31.546Z] info: You are not logged in! Please log in to get access.
[2024-11-20T17:11:44.567Z] info: You are not logged in! Please log in to get access.
[2024-11-20T17:11:44.687Z] info: You are not logged in! Please log in to get access.
[2024-11-20T19:12:51.912Z] info: jwt malformed
[2024-11-21T13:05:48.286Z] info: jwt malformed
[2024-11-21T16:48:35.800Z] info: jwt expired
[2024-11-21T16:48:48.432Z] info: jwt expired
[2024-11-21T16:48:49.083Z] info: jwt malformed
[2024-11-21T19:12:24.615Z] info: jwt expired
[2024-11-21T19:12:25.026Z] info: jwt malformed
[2024-11-21T20:07:05.114Z] info: jwt malformed
[2024-11-25T17:05:57.310Z] info: jwt malformed
[2024-11-25T17:07:43.974Z] info: jwt malformed
[2024-11-25T20:40:33.139Z] info: jwt malformed
[2024-11-26T14:37:28.594Z] info: jwt malformed
[2024-11-26T15:51:08.037Z] info: jwt expired
[2024-11-26T15:51:08.520Z] info: jwt expired
[2024-11-26T15:51:51.455Z] info: jwt expired
[2024-11-26T15:51:51.633Z] info: jwt expired
[2024-11-26T15:51:54.096Z] info: jwt expired
[2024-11-26T15:51:55.013Z] info: jwt expired
[2024-11-26T15:51:55.709Z] info: jwt malformed
[2024-11-26T15:52:22.854Z] info: jwt malformed
[2024-11-26T19:15:53.566Z] info: jwt expired
[2024-11-26T19:15:54.152Z] info: jwt malformed
[2024-11-29T19:37:54.200Z] info: jwt malformed
[2024-12-02T20:53:07.970Z] info: jwt malformed
[2024-12-03T13:36:58.244Z] info: jwt malformed
[2024-12-03T21:26:49.457Z] info: jwt malformed
[2024-12-04T15:37:08.604Z] info: jwt malformed
[2024-12-04T15:39:28.835Z] info: jwt malformed
[2024-12-04T15:41:16.493Z] info: jwt malformed
[2024-12-04T16:42:38.770Z] info: jwt expired
[2024-12-04T16:42:38.780Z] info: jwt expired
[2024-12-04T16:42:39.001Z] info: jwt expired
[2024-12-04T16:52:52.575Z] info: jwt malformed
[2024-12-04T19:36:54.180Z] info: jwt expired
[2024-12-04T19:36:54.185Z] info: jwt expired
[2024-12-04T19:36:54.669Z] info: jwt expired
[2024-12-04T19:36:56.548Z] info: jwt expired
[2024-12-04T19:36:57.203Z] info: jwt malformed
[2025-01-16T14:37:54.127Z] info: jwt malformed
[2025-01-17T13:22:11.496Z] info: jwt malformed
[2025-01-21T16:13:54.779Z] info: jwt expired
[2025-01-21T16:13:55.388Z] info: jwt malformed
[2025-01-21T16:15:06.285Z] info: jwt malformed
[2025-01-29T14:41:32.765Z] info: Can't find //api/v1/auth/renew on this server! 游빋
[2025-01-29T14:41:40.608Z] info: Can't find //api/v1/auth/login on this server! 游빋
[2025-01-29T14:41:44.336Z] info: Can't find //api/v1/auth/login on this server! 游빋
[2025-01-29T14:42:04.707Z] info: Can't find //api/v1/auth/login on this server! 游빋
[2025-01-29T14:42:24.746Z] info: Can't find //api/v1/auth/login on this server! 游빋
[2025-01-29T14:42:38.610Z] info: Can't find //api/v1/auth/login on this server! 游빋
[2025-01-29T14:43:58.867Z] info: Can't find //api/v1/auth/login on this server! 游빋
[2025-01-29T14:46:04.144Z] info: Can't find //api/v1/auth/renew on this server! 游빋
[2025-01-29T14:46:05.643Z] info: Can't find //api/v1/auth/login on this server! 游빋
[2025-01-29T14:47:18.754Z] info: jwt malformed
[2025-01-29T18:36:45.688Z] info: jwt malformed
[2025-01-29T19:21:48.193Z] info: Can't find / on this server! 游빋
[2025-01-29T19:21:48.448Z] info: Can't find /favicon.ico on this server! 游빋
[2025-01-29T21:11:45.156Z] info: jwt malformed
[2025-02-05T20:56:42.776Z] info: jwt malformed
[2025-02-05T20:57:05.744Z] info: Incorrect email/password!
[2025-02-06T13:57:57.067Z] info: jwt malformed
[2025-02-06T14:30:43.269Z] info: jwt malformed
[2025-02-06T14:31:15.817Z] info: jwt malformed
[2025-02-06T16:32:34.790Z] info: jwt malformed
[2025-02-06T16:32:51.662Z] info: jwt malformed
[2025-02-06T22:04:06.222Z] info: jwt malformed
[2025-02-07T15:44:31.078Z] info: jwt malformed
[2025-02-07T15:46:14.692Z] info: jwt malformed
[2025-02-17T16:03:29.906Z] info: jwt expired
[2025-02-17T16:03:30.812Z] info: jwt malformed
[2025-02-17T16:07:23.363Z] info: jwt malformed
[2025-02-27T19:54:19.505Z] info: jwt malformed
[2025-03-06T16:58:22.284Z] info: invalid signature
[2025-03-06T16:59:04.437Z] info: jwt malformed
[2025-03-07T15:18:19.920Z] info: jwt malformed
[2025-03-07T15:18:20.860Z] info: jwt malformed
[2025-03-07T15:18:45.535Z] info: jwt malformed
[2025-03-11T14:37:18.567Z] info: jwt malformed
[2025-03-11T15:41:09.309Z] info: jwt expired
[2025-03-11T15:41:10.222Z] info: jwt malformed
[2025-03-11T15:43:57.370Z] info: jwt malformed
[2025-03-11T16:03:12.155Z] info: jwt malformed
[2025-03-11T16:04:35.652Z] info: jwt malformed
[2025-03-11T17:13:50.103Z] info: jwt expired
[2025-03-11T17:13:51.212Z] info: jwt malformed
[2025-03-11T17:13:51.516Z] info: jwt malformed
[2025-03-11T17:17:30.281Z] info: jwt malformed
[2025-03-11T20:34:24.813Z] info: jwt malformed
[2025-03-11T21:43:02.286Z] info: searchTerm is not defined
[2025-03-11T21:43:47.035Z] info: searchTerm is not defined
[2025-03-11T21:43:57.540Z] info: searchTerm is not defined
[2025-03-11T21:44:12.984Z] info: searchTerm is not defined
[2025-03-11T21:44:13.027Z] info: searchTerm is not defined
[2025-03-11T21:44:13.065Z] info: searchTerm is not defined
[2025-03-11T21:45:09.706Z] info: searchTerm is not defined
[2025-03-11T21:45:09.811Z] info: searchTerm is not defined
[2025-03-11T21:45:31.247Z] info: searchTerm is not defined
[2025-03-11T21:45:31.319Z] info: searchTerm is not defined
[2025-03-11T21:45:38.311Z] info: searchTerm is not defined
[2025-03-11T21:45:38.407Z] info: searchTerm is not defined
[2025-03-11T21:47:37.608Z] info: searchTerm is not defined
[2025-03-11T21:47:52.677Z] info: searchTerm is not defined
[2025-03-11T21:47:52.897Z] info: searchTerm is not defined
[2025-03-11T21:49:31.278Z] info: searchTerm is not defined
[2025-03-11T21:49:33.844Z] info: searchTerm is not defined
[2025-03-11T21:49:34.024Z] info: searchTerm is not defined
[2025-03-11T21:49:34.304Z] info: searchTerm is not defined
[2025-03-11T21:49:34.574Z] info: searchTerm is not defined
[2025-03-11T21:49:34.664Z] info: searchTerm is not defined
[2025-03-11T21:49:35.272Z] info: searchTerm is not defined
[2025-03-11T21:49:48.345Z] info: searchTerm is not defined
[2025-03-11T21:50:44.961Z] info: searchTerm is not defined
[2025-03-11T21:50:51.257Z] info: searchTerm is not defined
[2025-03-11T21:50:51.380Z] info: searchTerm is not defined
[2025-03-11T21:50:51.532Z] info: searchTerm is not defined
[2025-03-11T21:50:51.705Z] info: searchTerm is not defined
[2025-03-11T21:50:51.819Z] info: searchTerm is not defined
[2025-03-11T21:50:52.066Z] info: searchTerm is not defined
[2025-03-11T21:50:52.186Z] info: searchTerm is not defined
[2025-03-11T21:51:25.942Z] info: searchTerm is not defined
[2025-03-11T21:51:26.042Z] info: searchTerm is not defined
[2025-03-11T21:52:45.478Z] info: searchTerm is not defined
[2025-03-11T21:52:48.451Z] info: searchTerm is not defined
[2025-03-11T21:52:48.524Z] info: searchTerm is not defined
[2025-03-11T21:52:49.507Z] info: searchTerm is not defined
[2025-03-11T21:52:49.688Z] info: searchTerm is not defined
[2025-03-11T21:52:49.834Z] info: searchTerm is not defined
[2025-03-11T21:52:50.038Z] info: searchTerm is not defined
[2025-03-11T21:52:52.740Z] info: searchTerm is not defined
[2025-03-11T21:52:52.855Z] info: searchTerm is not defined
[2025-03-11T21:53:00.922Z] info: searchTerm is not defined
[2025-03-24T15:07:38.812Z] info: jwt malformed
[2025-03-24T16:27:12.486Z] info: jwt expired
[2025-03-24T16:27:13.055Z] info: jwt malformed
[2025-04-03T14:07:02.557Z] info: jwt malformed
[2025-04-03T15:26:18.651Z] info: Can't find /api/v1/whatsapp_numbers on this server! 游빋
[2025-04-03T15:26:41.029Z] info: Can't find /api/v1/whatsapp_numbers on this server! 游빋
[2025-04-03T15:35:19.681Z] info: Can't find /api/v1/whatsapp_numbers/obtener_numeros on this server! 游빋
[2025-04-03T15:35:23.875Z] info: Can't find /api/v1/whatsapp_numbers/obtener_numeros on this server! 游빋
[2025-04-03T16:00:23.122Z] info: jwt expired
[2025-04-03T17:25:59.987Z] info: jwt expired
[2025-04-03T17:26:00.239Z] info: jwt malformed
[2025-04-03T17:42:11.804Z] info: jwt malformed
[2025-04-03T18:06:49.094Z] info: jwt malformed
[2025-04-07T15:11:21.212Z] info: jwt malformed
[2025-04-07T18:27:11.416Z] info: jwt malformed
[2025-04-09T13:55:44.005Z] info: jwt malformed
[2025-04-09T16:56:37.543Z] info: Can't find /api/v1/whatsapp/obtener_plantillas_plataforma on this server! 游빋
[2025-04-09T16:56:52.797Z] info: Can't find /api/v1/whatsapp/obtener_plantillas_plataforma on this server! 游빋
[2025-04-09T16:57:50.709Z] info: Can't find /api/v1/whatsapp/obtener_plantillas_plataforma on this server! 游빋
[2025-04-09T16:58:20.967Z] info: Can't find /api/v1/whatsapp/obtener_plantillas_plataforma on this server! 游빋
[2025-04-09T17:00:02.404Z] info: Can't find /api/v1/whatsapp/obtener_plantillas_plataforma on this server! 游빋
[2025-04-09T17:00:03.100Z] info: Can't find /api/v1/whatsapp/obtener_plantillas_plataforma on this server! 游빋
[2025-04-09T17:00:04.456Z] info: Can't find /api/v1/whatsapp/obtener_plantillas_plataforma on this server! 游빋
[2025-04-09T17:00:22.955Z] info: Can't find /api/v1/whatsapp/obtener_plantillas_plataforma on this server! 游빋
[2025-04-09T19:21:39.062Z] info: Expected double-quoted property name in JSON at position 98 (line 5 column 1)
[2025-04-09T21:37:12.609Z] info: No plataforma found with that ID
[2025-04-09T21:38:01.907Z] info: No se encontro una plataforma con dicho ID_PLATAFORMA
[2025-04-09T21:38:16.631Z] info: No se encontro una plataforma con dicho ID_PLATAFORMA
[2025-04-09T21:38:46.899Z] info: No se encontro una plataforma con dicho ID_PLATAFORMA
[2025-04-10T15:16:36.724Z] info: Can't find /api/v1/whatsapp_managment/cambiar_estado on this server! 游빋
[2025-04-10T15:23:10.984Z] info: Can't find /api/v1/whatsapp_managment/cambiar_estado on this server! 游빋
[2025-04-10T15:24:20.105Z] info: Can't find /api/v1/whatsapp_managment/cambiar_estado on this server! 游빋
[2025-04-10T15:55:05.144Z] info: jwt malformed
[2025-04-10T16:24:42.230Z] info: Can't find /api/v1/whatsapp_managment/cambiar_estado on this server! 游빋
[2025-04-10T16:55:33.543Z] info: Can't find /api/v1/whatsapp_managment/eliminar_plantilla on this server! 游빋
[2025-04-10T16:56:08.566Z] info: Can't find /api/v1/whatsapp_managment/eliminar_plantilla on this server! 游빋
[2025-04-10T18:18:31.288Z] info: jwt malformed
[2025-04-10T19:39:38.335Z] info: Can't find /api/v1/whatsapp_managment/editar_plantilla on this server! 游빋
[2025-04-10T20:39:09.335Z] info: jwt expired
[2025-04-10T20:46:21.944Z] info: Can't find /api/v1/whatsapp_managment/editar_configuracion on this server! 游빋
[2025-04-10T20:48:37.188Z] info: Can't find /api/v1/whatsapp_managment/editarConfiguraci%C3%B3n on this server! 游빋
[2025-04-10T20:50:08.645Z] info: Can't find /api/v1/whatsapp_managment/editarConfiguracion on this server! 游빋
[2025-04-10T20:50:35.462Z] info: Can't find /api/v1/whatsapp_managment/editarConfiguracion on this server! 游빋
[2025-04-10T20:51:46.260Z] info: Can't find /api/v1/whatsapp_managment/editarConfiguracion on this server! 游빋
[2025-04-10T20:58:52.004Z] info: Can't find /api/v1/whatsapp_managment/obtenerConfiguracion on this server! 游빋
[2025-04-10T20:59:02.620Z] info: Can't find /api/v1/whatsapp_managment/obtenerConfiguracion on this server! 游빋
[2025-04-10T20:59:14.078Z] info: Can't find /api/v1/whatsapp_managment/obtenerConfiguracion on this server! 游빋
[2025-04-10T20:59:58.785Z] info: Can't find /api/v1/whatsapp_managment/obtenerConfiguracion on this server! 游빋
[2025-04-11T21:23:11.777Z] info: jwt malformed
[2025-04-11T21:51:12.435Z] info: jwt malformed
[2025-04-11T21:51:23.310Z] info: jwt malformed
[2025-04-11T21:53:46.625Z] info: jwt malformed
[2025-04-14T14:11:31.645Z] info: jwt malformed
[2025-04-14T14:11:38.035Z] info: User with that email not found!
[2025-04-14T15:05:32.754Z] info: Can't find /api/v1/whatsapp-managment/configuracionesAutomatizador on this server! 游빋
[2025-04-14T17:19:29.153Z] info: jwt malformed
[2025-04-14T18:24:00.942Z] info: Expected ':' after property name in JSON at position 48 (line 4 column 1)
[2025-04-14T18:25:56.501Z] info: Expected ':' after property name in JSON at position 48 (line 4 column 1)
[2025-04-14T18:28:19.035Z] info: Expected double-quoted property name in JSON at position 35 (line 4 column 1)
[2025-04-14T18:28:22.798Z] info: Can't find /api/v1/whatsapp_managment/actualizarMetodoPago on this server! 游빋
[2025-04-14T18:28:45.207Z] info: Can't find /api/v1/whatsapp_managment/actualizarMetodoPago on this server! 游빋
[2025-04-14T18:29:31.707Z] info: Unexpected token '}', ..."go":
  
}" is not valid JSON
[2025-04-14T18:31:11.915Z] info: Unexpected token '}', ..."_pago": 
}" is not valid JSON
[2025-04-14T18:31:23.027Z] info: Unexpected token ',', ..."uracion": ,
 "metod"... is not valid JSON
[2025-04-14T18:31:28.879Z] info: Expected double-quoted property name in JSON at position 36 (line 4 column 1)
[2025-04-14T20:26:18.162Z] info: User with that email not found!
[2025-04-14T20:26:27.986Z] info: User with that email not found!
[2025-04-14T21:09:15.947Z] info: Can't find /api/v1/whatsapp_managment/agregar_configuracion on this server! 游빋
[2025-04-14T21:09:27.835Z] info: Can't find /api/v1/whatsapp_managment/agregar_configuracion on this server! 游빋
[2025-04-14T21:31:00.693Z] info: jwt malformed
[2025-04-14T21:32:58.347Z] info: jwt malformed
